\BOOKMARK [1][-]{Doc-Start}{\376\377\000I\000n\000t\000r\000o\000d\000u\000c\000t\000i\000o\000n\000\040\000e\000t\000\040\000o\000b\000j\000e\000c\000t\000i\000f\000s}{}% 1
\BOOKMARK [1][-]{section.1}{\376\377\000E\000x\000p\000l\000o\000r\000a\000t\000i\000o\000n\000\040\000d\000e\000\040\000l\000'\000A\000P\000I\000\040\000U\000S\000G\000S}{}% 2
\BOOKMARK [2][-]{subsection.1.1}{\376\377\000L\000'\000A\000P\000I\000\040\000U\000S\000G\000S\000\040\000E\000a\000r\000t\000h\000q\000u\000a\000k\000e}{section.1}% 3
\BOOKMARK [2][-]{subsection.1.2}{\376\377\000S\000t\000r\000u\000c\000t\000u\000r\000e\000\040\000d\000e\000\040\000l\000a\000\040\000r\000\351\000p\000o\000n\000s\000e\000\040\000G\000e\000o\000J\000S\000O\000N}{section.1}% 4
\BOOKMARK [2][-]{subsection.1.3}{\376\377\000T\000e\000s\000t\000\040\000d\000e\000\040\000l\000'\000A\000P\000I\000\040\000e\000n\000\040\000l\000i\000g\000n\000e\000\040\000d\000e\000\040\000c\000o\000m\000m\000a\000n\000d\000e}{section.1}% 5
\BOOKMARK [2][-]{subsection.1.4}{\376\377\000A\000n\000a\000l\000y\000s\000e\000\040\000d\000u\000\040\000p\000r\000o\000d\000u\000c\000e\000r\000\040\000f\000o\000u\000r\000n\000i}{section.1}% 6
\BOOKMARK [1][-]{section.2}{\376\377\000C\000o\000n\000s\000t\000r\000u\000c\000t\000i\000o\000n\000\040\000d\000u\000\040\000D\000A\000G\000\040\000A\000i\000r\000f\000l\000o\000w}{}% 7
\BOOKMARK [2][-]{subsection.2.1}{\376\377\000R\000\364\000l\000e\000\040\000d\000u\000\040\000D\000A\000G\000\040\000d\000a\000n\000s\000\040\000c\000e\000t\000t\000e\000\040\000a\000r\000c\000h\000i\000t\000e\000c\000t\000u\000r\000e}{section.2}% 8
\BOOKMARK [2][-]{subsection.2.2}{\376\377\000D\000\351\000m\000a\000r\000r\000a\000g\000e\000\040\000d\000e\000\040\000l\000'\000i\000n\000f\000r\000a\000s\000t\000r\000u\000c\000t\000u\000r\000e}{section.2}% 9
\BOOKMARK [2][-]{subsection.2.3}{\376\377\000S\000t\000r\000u\000c\000t\000u\000r\000e\000\040\000d\000u\000\040\000f\000i\000c\000h\000i\000e\000r\000\040\000D\000A\000G\000\040\000\340\000\040\000c\000r\000\351\000e\000r}{section.2}% 10
\BOOKMARK [2][-]{subsection.2.4}{\376\377\000T\000\342\000c\000h\000e\000\040\0001\000\040\040\024\000\040\000h\000e\000a\000l\000t\000h\000\137\000c\000h\000e\000c\000k}{section.2}% 11
\BOOKMARK [2][-]{subsection.2.5}{\376\377\000T\000\342\000c\000h\000e\000\040\0002\000\040\040\024\000\040\000c\000r\000e\000a\000t\000e\000\137\000t\000o\000p\000i\000c\000s}{section.2}% 12
\BOOKMARK [2][-]{subsection.2.6}{\376\377\000T\000\342\000c\000h\000e\000\040\0003\000\040\040\024\000\040\000r\000u\000n\000\137\000f\000l\000i\000n\000k\000\137\000j\000o\000b}{section.2}% 13
\BOOKMARK [2][-]{subsection.2.7}{\376\377\000T\000\342\000c\000h\000e\000\040\0004\000\040\040\024\000\040\000s\000t\000a\000r\000t\000\137\000t\000a\000b\000l\000e\000a\000u\000\137\000s\000i\000n\000k}{section.2}% 14
\BOOKMARK [2][-]{subsection.2.8}{\376\377\000T\000\342\000c\000h\000e\000\040\0005\000\040\040\024\000\040\000v\000e\000r\000i\000f\000y\000\137\000o\000u\000t\000p\000u\000t}{section.2}% 15
\BOOKMARK [2][-]{subsection.2.9}{\376\377\000E\000x\000\351\000c\000u\000t\000i\000o\000n\000\040\000d\000u\000\040\000D\000A\000G}{section.2}% 16
\BOOKMARK [1][-]{section.3}{\376\377\000T\000r\000a\000i\000t\000e\000m\000e\000n\000t\000\040\000a\000v\000e\000c\000\040\000F\000l\000i\000n\000k\000\040\000S\000Q\000L}{}% 17
\BOOKMARK [2][-]{subsection.3.1}{\376\377\000P\000o\000u\000r\000q\000u\000o\000i\000\040\000e\000n\000r\000i\000c\000h\000i\000r\000\040\000s\000a\000n\000s\000\040\000f\000e\000n\000\352\000t\000r\000e\000\040\000t\000e\000m\000p\000o\000r\000e\000l\000l\000e\000\040\000?}{section.3}% 18
\BOOKMARK [2][-]{subsection.3.2}{\376\377\000C\000o\000n\000n\000e\000x\000i\000o\000n\000\040\000a\000u\000\040\000S\000Q\000L\000\040\000C\000l\000i\000e\000n\000t\000\040\000\050\000o\000p\000t\000i\000o\000n\000n\000e\000l\000\051}{section.3}% 19
\BOOKMARK [2][-]{subsection.3.3}{\376\377\000T\000a\000b\000l\000e\000\040\000S\000O\000U\000R\000C\000E\000\040\040\024\000\040\000e\000a\000r\000t\000h\000q\000u\000a\000k\000e\000\137\000r\000a\000w}{section.3}% 20
\BOOKMARK [2][-]{subsection.3.4}{\376\377\000T\000a\000b\000l\000e\000\040\000S\000I\000N\000K\000\040\0001\000\040\040\024\000\040\000e\000a\000r\000t\000h\000q\000u\000a\000k\000e\000\137\000e\000n\000r\000i\000c\000h\000e\000d}{section.3}% 21
\BOOKMARK [2][-]{subsection.3.5}{\376\377\000T\000a\000b\000l\000e\000\040\000S\000I\000N\000K\000\040\0002\000\040\040\024\000\040\000e\000a\000r\000t\000h\000q\000u\000a\000k\000e\000\137\000a\000l\000e\000r\000t\000s}{section.3}% 22
\BOOKMARK [2][-]{subsection.3.6}{\376\377\000J\000o\000b\000\040\0001\000\040\040\024\000\040\000E\000n\000r\000i\000c\000h\000i\000s\000s\000e\000m\000e\000n\000t\000\040\000t\000e\000m\000p\000s\000\040\000r\000\351\000e\000l\000\040\000\050\000s\000a\000n\000s\000\040\000f\000e\000n\000\352\000t\000r\000e\000\051}{section.3}% 23
\BOOKMARK [2][-]{subsection.3.7}{\376\377\000J\000o\000b\000\040\0002\000\040\040\024\000\040\000A\000l\000e\000r\000t\000e\000s\000\040\000t\000e\000m\000p\000s\000\040\000r\000\351\000e\000l\000\040\000\050\000f\000i\000l\000t\000r\000e\000\040\000s\000a\000n\000s\000\040\000f\000e\000n\000\352\000t\000r\000e\000\051}{section.3}% 24
\BOOKMARK [2][-]{subsection.3.8}{\376\377\000A\000s\000s\000e\000m\000b\000l\000a\000g\000e\000\040\000d\000a\000n\000s\000\040\000l\000e\000\040\000f\000i\000c\000h\000i\000e\000r\000\040\000S\000Q\000L}{section.3}% 25
\BOOKMARK [2][-]{subsection.3.9}{\376\377\000V\000\351\000r\000i\000f\000i\000c\000a\000t\000i\000o\000n\000\040\000d\000e\000s\000\040\000j\000o\000b\000s\000\040\000F\000l\000i\000n\000k}{section.3}% 26
\BOOKMARK [1][-]{section.4}{\376\377\000M\000o\000n\000i\000t\000o\000r\000i\000n\000g\000\040\000e\000t\000\040\000v\000\351\000r\000i\000f\000i\000c\000a\000t\000i\000o\000n}{}% 27
\BOOKMARK [2][-]{subsection.4.1}{\376\377\000K\000a\000f\000d\000r\000o\000p\000\040\040\024\000\040\000I\000n\000t\000e\000r\000f\000a\000c\000e\000\040\000K\000a\000f\000k\000a}{section.4}% 28
\BOOKMARK [2][-]{subsection.4.2}{\376\377\000F\000l\000i\000n\000k\000\040\000W\000e\000b\000\040\000U\000I}{section.4}% 29
\BOOKMARK [2][-]{subsection.4.3}{\376\377\000A\000i\000r\000f\000l\000o\000w\000\040\000W\000e\000b\000\040\000U\000I}{section.4}% 30
\BOOKMARK [2][-]{subsection.4.4}{\376\377\000V\000\351\000r\000i\000f\000i\000c\000a\000t\000i\000o\000n\000\040\000P\000o\000s\000t\000g\000r\000e\000S\000Q\000L}{section.4}% 31
\BOOKMARK [1][-]{section.5}{\376\377\000V\000i\000s\000u\000a\000l\000i\000s\000a\000t\000i\000o\000n\000\040\000a\000v\000e\000c\000\040\000T\000a\000b\000l\000e\000a\000u\000\040\000D\000e\000s\000k\000t\000o\000p}{}% 32
\BOOKMARK [2][-]{subsection.5.1}{\376\377\000C\000o\000n\000n\000e\000x\000i\000o\000n\000\040\000P\000o\000s\000t\000g\000r\000e\000S\000Q\000L\000\040\000\040\000T\000a\000b\000l\000e\000a\000u}{section.5}% 33
\BOOKMARK [2][-]{subsection.5.2}{\376\377\000D\000a\000s\000h\000b\000o\000a\000r\000d\000\040\000p\000r\000o\000p\000o\000s\000\351}{section.5}% 34
\BOOKMARK [2][-]{subsection.5.3}{\376\377\000R\000a\000f\000r\000a\000\356\000c\000h\000i\000s\000s\000e\000m\000e\000n\000t\000\040\000d\000e\000s\000\040\000d\000o\000n\000n\000\351\000e\000s}{section.5}% 35
\BOOKMARK [1][-]{section.6}{\376\377\000T\000e\000s\000t\000s\000\040\000u\000n\000i\000t\000a\000i\000r\000e\000s\000\040\000d\000u\000\040\000p\000i\000p\000e\000l\000i\000n\000e}{}% 36
\BOOKMARK [2][-]{subsection.6.1}{\376\377\000P\000h\000i\000l\000o\000s\000o\000p\000h\000i\000e\000\040\000d\000e\000s\000\040\000t\000e\000s\000t\000s}{section.6}% 37
\BOOKMARK [2][-]{subsection.6.2}{\376\377\000S\000t\000r\000u\000c\000t\000u\000r\000e\000\040\000d\000u\000\040\000d\000o\000s\000s\000i\000e\000r\000\040\000t\000e\000s\000t\000s}{section.6}% 38
\BOOKMARK [2][-]{subsection.6.3}{\376\377\000T\000e\000s\000t\000s\000\040\000d\000u\000\040\000D\000A\000G\000\040\000A\000i\000r\000f\000l\000o\000w\000\040\000\050\000t\000e\000s\000t\000\137\000d\000a\000g\000.\000p\000y\000\051}{section.6}% 39
\BOOKMARK [2][-]{subsection.6.4}{\376\377\000T\000e\000s\000t\000s\000\040\000d\000u\000\040\000p\000r\000o\000d\000u\000c\000e\000r\000\040\000\050\000t\000e\000s\000t\000\137\000p\000r\000o\000d\000u\000c\000e\000r\000.\000p\000y\000\051}{section.6}% 40
\BOOKMARK [2][-]{subsection.6.5}{\376\377\000E\000x\000\351\000c\000u\000t\000i\000o\000n\000\040\000d\000e\000s\000\040\000t\000e\000s\000t\000s}{section.6}% 41
\BOOKMARK [1][-]{Item.46}{\376\377\000Q\000u\000e\000s\000t\000i\000o\000n\000s\000\040\000d\000e\000\040\000r\000\351\000f\000l\000e\000x\000i\000o\000n}{}% 42
\BOOKMARK [1][-]{appendix.A}{\376\377\000S\000c\000h\000\351\000m\000a\000\040\000d\000e\000s\000\040\000m\000e\000s\000s\000a\000g\000e\000s\000\040\000K\000a\000f\000k\000a}{}% 43
\BOOKMARK [2][-]{subsection.A.1}{\376\377\000T\000o\000p\000i\000c\000\040\000:\000\040\000e\000a\000r\000t\000h\000q\000u\000a\000k\000e\000-\000r\000a\000w}{appendix.A}% 44
\BOOKMARK [2][-]{subsection.A.2}{\376\377\000T\000o\000p\000i\000c\000\040\000:\000\040\000e\000a\000r\000t\000h\000q\000u\000a\000k\000e\000-\000e\000n\000r\000i\000c\000h\000e\000d}{appendix.A}% 45
\BOOKMARK [2][-]{subsection.A.3}{\376\377\000T\000o\000p\000i\000c\000\040\000:\000\040\000e\000a\000r\000t\000h\000q\000u\000a\000k\000e\000-\000a\000l\000e\000r\000t\000s}{appendix.A}% 46
\BOOKMARK [2][-]{subsection.A.4}{\376\377\000T\000a\000b\000l\000e\000\040\000P\000o\000s\000t\000g\000r\000e\000S\000Q\000L\000\040\000:\000\040\000e\000a\000r\000t\000h\000q\000u\000a\000k\000e\000\137\000e\000v\000e\000n\000t\000s}{appendix.A}% 47
